<?xml version="1.0" encoding="utf-8" standalone="no"?>
<!--This file represents the results of running a test suite-->
<test-results name="D:\jenkins training\JenkinsTest\JenkinsTest\bin\Release\JenkinsTest.dll" total="1" errors="0" failures="0" not-run="0" inconclusive="0" ignored="0" skipped="0" invalid="0" date="2015-10-23" time="07:23:40">
  <environment nunit-version="2.6.4.14350" clr-version="2.0.50727.5485" os-version="Microsoft Windows NT 6.1.7601 Service Pack 1" platform="Win32NT" cwd="C:\Program Files (x86)\NUnit 2.6.4\bin" machine-name="NDI-LAP-309" user="Vishal.srivastava" user-domain="3PILLAR" />
  <culture-info current-culture="en-US" current-uiculture="en-US" />
  <test-suite type="Assembly" name="D:\jenkins training\JenkinsTest\JenkinsTest\bin\Release\JenkinsTest.dll" executed="True" result="Success" success="True" time="6.313" asserts="0">
    <results>
      <test-suite type="Namespace" name="JenkinsTest" executed="True" result="Success" success="True" time="6.287" asserts="0">
        <results>
          <test-suite type="TestFixture" name="SekeniumTest" executed="True" result="Success" success="True" time="6.283" asserts="0">
            <results>
              <test-case name="JenkinsTest.SekeniumTest.OpenGooglePage" executed="True" result="Success" success="True" time="6.261" asserts="0" />
            </results>
          </test-suite>
        </results>
      </test-suite>
    </results>
  </test-suite>
</test-results>